./ChampSim/Other_PF/bin/ip_stride -warmup_instructions 50000000 -simulation_instructions 200000000 -traces traces/gap/bc-0.trace.gz > output/gap/ip_stride---bc-0.trace.gz 2>>/xzx/Berti-Perceptron/stderr.log
./ChampSim/Other_PF/bin/ip_stride -warmup_instructions 50000000 -simulation_instructions 200000000 -traces traces/gap/bc-12.trace.gz > output/gap/ip_stride---bc-12.trace.gz 2>>/xzx/Berti-Perceptron/stderr.log
./ChampSim/Other_PF/bin/ip_stride -warmup_instructions 50000000 -simulation_instructions 200000000 -traces traces/gap/bc-3.trace.gz > output/gap/ip_stride---bc-3.trace.gz 2>>/xzx/Berti-Perceptron/stderr.log
./ChampSim/Other_PF/bin/ip_stride -warmup_instructions 50000000 -simulation_instructions 200000000 -traces traces/gap/bc-5.trace.gz > output/gap/ip_stride---bc-5.trace.gz 2>>/xzx/Berti-Perceptron/stderr.log
./ChampSim/Other_PF/bin/ip_stride -warmup_instructions 50000000 -simulation_instructions 200000000 -traces traces/gap/bfs-10.trace.gz > output/gap/ip_stride---bfs-10.trace.gz 2>>/xzx/Berti-Perceptron/stderr.log
./ChampSim/Other_PF/bin/ip_stride -warmup_instructions 50000000 -simulation_instructions 200000000 -traces traces/gap/bfs-14.trace.gz > output/gap/ip_stride---bfs-14.trace.gz 2>>/xzx/Berti-Perceptron/stderr.log
./ChampSim/Other_PF/bin/ip_stride -warmup_instructions 50000000 -simulation_instructions 200000000 -traces traces/gap/bfs-3.trace.gz > output/gap/ip_stride---bfs-3.trace.gz 2>>/xzx/Berti-Perceptron/stderr.log
./ChampSim/Other_PF/bin/ip_stride -warmup_instructions 50000000 -simulation_instructions 200000000 -traces traces/gap/bfs-8.trace.gz > output/gap/ip_stride---bfs-8.trace.gz 2>>/xzx/Berti-Perceptron/stderr.log
./ChampSim/Other_PF/bin/ip_stride -warmup_instructions 50000000 -simulation_instructions 200000000 -traces traces/gap/cc-13.trace.gz > output/gap/ip_stride---cc-13.trace.gz 2>>/xzx/Berti-Perceptron/stderr.log
./ChampSim/Other_PF/bin/ip_stride -warmup_instructions 50000000 -simulation_instructions 200000000 -traces traces/gap/cc-14.trace.gz > output/gap/ip_stride---cc-14.trace.gz 2>>/xzx/Berti-Perceptron/stderr.log
./ChampSim/Other_PF/bin/ip_stride -warmup_instructions 50000000 -simulation_instructions 200000000 -traces traces/gap/cc-5.trace.gz > output/gap/ip_stride---cc-5.trace.gz 2>>/xzx/Berti-Perceptron/stderr.log
./ChampSim/Other_PF/bin/ip_stride -warmup_instructions 50000000 -simulation_instructions 200000000 -traces traces/gap/cc-6.trace.gz > output/gap/ip_stride---cc-6.trace.gz 2>>/xzx/Berti-Perceptron/stderr.log
./ChampSim/Other_PF/bin/ip_stride -warmup_instructions 50000000 -simulation_instructions 200000000 -traces traces/gap/pr-10.trace.gz > output/gap/ip_stride---pr-10.trace.gz 2>>/xzx/Berti-Perceptron/stderr.log
./ChampSim/Other_PF/bin/ip_stride -warmup_instructions 50000000 -simulation_instructions 200000000 -traces traces/gap/pr-14.trace.gz > output/gap/ip_stride---pr-14.trace.gz 2>>/xzx/Berti-Perceptron/stderr.log
./ChampSim/Other_PF/bin/ip_stride -warmup_instructions 50000000 -simulation_instructions 200000000 -traces traces/gap/pr-3.trace.gz > output/gap/ip_stride---pr-3.trace.gz 2>>/xzx/Berti-Perceptron/stderr.log
./ChampSim/Other_PF/bin/ip_stride -warmup_instructions 50000000 -simulation_instructions 200000000 -traces traces/gap/pr-5.trace.gz > output/gap/ip_stride---pr-5.trace.gz 2>>/xzx/Berti-Perceptron/stderr.log
./ChampSim/Other_PF/bin/ip_stride -warmup_instructions 50000000 -simulation_instructions 200000000 -traces traces/gap/sssp-10.trace.gz > output/gap/ip_stride---sssp-10.trace.gz 2>>/xzx/Berti-Perceptron/stderr.log
./ChampSim/Other_PF/bin/ip_stride -warmup_instructions 50000000 -simulation_instructions 200000000 -traces traces/gap/sssp-14.trace.gz > output/gap/ip_stride---sssp-14.trace.gz 2>>/xzx/Berti-Perceptron/stderr.log
./ChampSim/Other_PF/bin/ip_stride -warmup_instructions 50000000 -simulation_instructions 200000000 -traces traces/gap/sssp-3.trace.gz > output/gap/ip_stride---sssp-3.trace.gz 2>>/xzx/Berti-Perceptron/stderr.log
./ChampSim/Other_PF/bin/ip_stride -warmup_instructions 50000000 -simulation_instructions 200000000 -traces traces/gap/sssp-5.trace.gz > output/gap/ip_stride---sssp-5.trace.gz 2>>/xzx/Berti-Perceptron/stderr.log
./ChampSim/Other_PF/bin/ipcp_isca2020 -warmup_instructions 50000000 -simulation_instructions 200000000 -traces traces/gap/bc-0.trace.gz > output/gap/ipcp_isca2020---bc-0.trace.gz 2>>/xzx/Berti-Perceptron/stderr.log
./ChampSim/Other_PF/bin/ipcp_isca2020 -warmup_instructions 50000000 -simulation_instructions 200000000 -traces traces/gap/bc-12.trace.gz > output/gap/ipcp_isca2020---bc-12.trace.gz 2>>/xzx/Berti-Perceptron/stderr.log
./ChampSim/Other_PF/bin/ipcp_isca2020 -warmup_instructions 50000000 -simulation_instructions 200000000 -traces traces/gap/bc-3.trace.gz > output/gap/ipcp_isca2020---bc-3.trace.gz 2>>/xzx/Berti-Perceptron/stderr.log
./ChampSim/Other_PF/bin/ipcp_isca2020 -warmup_instructions 50000000 -simulation_instructions 200000000 -traces traces/gap/bc-5.trace.gz > output/gap/ipcp_isca2020---bc-5.trace.gz 2>>/xzx/Berti-Perceptron/stderr.log
./ChampSim/Other_PF/bin/ipcp_isca2020 -warmup_instructions 50000000 -simulation_instructions 200000000 -traces traces/gap/bfs-10.trace.gz > output/gap/ipcp_isca2020---bfs-10.trace.gz 2>>/xzx/Berti-Perceptron/stderr.log
./ChampSim/Other_PF/bin/ipcp_isca2020 -warmup_instructions 50000000 -simulation_instructions 200000000 -traces traces/gap/bfs-14.trace.gz > output/gap/ipcp_isca2020---bfs-14.trace.gz 2>>/xzx/Berti-Perceptron/stderr.log
./ChampSim/Other_PF/bin/ipcp_isca2020 -warmup_instructions 50000000 -simulation_instructions 200000000 -traces traces/gap/bfs-3.trace.gz > output/gap/ipcp_isca2020---bfs-3.trace.gz 2>>/xzx/Berti-Perceptron/stderr.log
./ChampSim/Other_PF/bin/ipcp_isca2020 -warmup_instructions 50000000 -simulation_instructions 200000000 -traces traces/gap/bfs-8.trace.gz > output/gap/ipcp_isca2020---bfs-8.trace.gz 2>>/xzx/Berti-Perceptron/stderr.log
./ChampSim/Other_PF/bin/ipcp_isca2020 -warmup_instructions 50000000 -simulation_instructions 200000000 -traces traces/gap/cc-13.trace.gz > output/gap/ipcp_isca2020---cc-13.trace.gz 2>>/xzx/Berti-Perceptron/stderr.log
./ChampSim/Other_PF/bin/ipcp_isca2020 -warmup_instructions 50000000 -simulation_instructions 200000000 -traces traces/gap/cc-14.trace.gz > output/gap/ipcp_isca2020---cc-14.trace.gz 2>>/xzx/Berti-Perceptron/stderr.log
./ChampSim/Other_PF/bin/ipcp_isca2020 -warmup_instructions 50000000 -simulation_instructions 200000000 -traces traces/gap/cc-5.trace.gz > output/gap/ipcp_isca2020---cc-5.trace.gz 2>>/xzx/Berti-Perceptron/stderr.log
./ChampSim/Other_PF/bin/ipcp_isca2020 -warmup_instructions 50000000 -simulation_instructions 200000000 -traces traces/gap/cc-6.trace.gz > output/gap/ipcp_isca2020---cc-6.trace.gz 2>>/xzx/Berti-Perceptron/stderr.log
./ChampSim/Other_PF/bin/ipcp_isca2020 -warmup_instructions 50000000 -simulation_instructions 200000000 -traces traces/gap/pr-10.trace.gz > output/gap/ipcp_isca2020---pr-10.trace.gz 2>>/xzx/Berti-Perceptron/stderr.log
./ChampSim/Other_PF/bin/ipcp_isca2020 -warmup_instructions 50000000 -simulation_instructions 200000000 -traces traces/gap/pr-14.trace.gz > output/gap/ipcp_isca2020---pr-14.trace.gz 2>>/xzx/Berti-Perceptron/stderr.log
./ChampSim/Other_PF/bin/ipcp_isca2020 -warmup_instructions 50000000 -simulation_instructions 200000000 -traces traces/gap/pr-3.trace.gz > output/gap/ipcp_isca2020---pr-3.trace.gz 2>>/xzx/Berti-Perceptron/stderr.log
./ChampSim/Other_PF/bin/ipcp_isca2020 -warmup_instructions 50000000 -simulation_instructions 200000000 -traces traces/gap/pr-5.trace.gz > output/gap/ipcp_isca2020---pr-5.trace.gz 2>>/xzx/Berti-Perceptron/stderr.log
./ChampSim/Other_PF/bin/ipcp_isca2020 -warmup_instructions 50000000 -simulation_instructions 200000000 -traces traces/gap/sssp-10.trace.gz > output/gap/ipcp_isca2020---sssp-10.trace.gz 2>>/xzx/Berti-Perceptron/stderr.log
./ChampSim/Other_PF/bin/ipcp_isca2020 -warmup_instructions 50000000 -simulation_instructions 200000000 -traces traces/gap/sssp-14.trace.gz > output/gap/ipcp_isca2020---sssp-14.trace.gz 2>>/xzx/Berti-Perceptron/stderr.log
./ChampSim/Other_PF/bin/ipcp_isca2020 -warmup_instructions 50000000 -simulation_instructions 200000000 -traces traces/gap/sssp-3.trace.gz > output/gap/ipcp_isca2020---sssp-3.trace.gz 2>>/xzx/Berti-Perceptron/stderr.log
./ChampSim/Other_PF/bin/ipcp_isca2020 -warmup_instructions 50000000 -simulation_instructions 200000000 -traces traces/gap/sssp-5.trace.gz > output/gap/ipcp_isca2020---sssp-5.trace.gz 2>>/xzx/Berti-Perceptron/stderr.log
./ChampSim/Other_PF/bin/mlop_dpc3 -warmup_instructions 50000000 -simulation_instructions 200000000 -traces traces/gap/bc-0.trace.gz > output/gap/mlop_dpc3---bc-0.trace.gz 2>>/xzx/Berti-Perceptron/stderr.log
./ChampSim/Other_PF/bin/mlop_dpc3 -warmup_instructions 50000000 -simulation_instructions 200000000 -traces traces/gap/bc-12.trace.gz > output/gap/mlop_dpc3---bc-12.trace.gz 2>>/xzx/Berti-Perceptron/stderr.log
./ChampSim/Other_PF/bin/mlop_dpc3 -warmup_instructions 50000000 -simulation_instructions 200000000 -traces traces/gap/bc-3.trace.gz > output/gap/mlop_dpc3---bc-3.trace.gz 2>>/xzx/Berti-Perceptron/stderr.log
./ChampSim/Other_PF/bin/mlop_dpc3 -warmup_instructions 50000000 -simulation_instructions 200000000 -traces traces/gap/bc-5.trace.gz > output/gap/mlop_dpc3---bc-5.trace.gz 2>>/xzx/Berti-Perceptron/stderr.log
./ChampSim/Other_PF/bin/mlop_dpc3 -warmup_instructions 50000000 -simulation_instructions 200000000 -traces traces/gap/bfs-10.trace.gz > output/gap/mlop_dpc3---bfs-10.trace.gz 2>>/xzx/Berti-Perceptron/stderr.log
./ChampSim/Other_PF/bin/mlop_dpc3 -warmup_instructions 50000000 -simulation_instructions 200000000 -traces traces/gap/bfs-14.trace.gz > output/gap/mlop_dpc3---bfs-14.trace.gz 2>>/xzx/Berti-Perceptron/stderr.log
./ChampSim/Other_PF/bin/mlop_dpc3 -warmup_instructions 50000000 -simulation_instructions 200000000 -traces traces/gap/bfs-3.trace.gz > output/gap/mlop_dpc3---bfs-3.trace.gz 2>>/xzx/Berti-Perceptron/stderr.log
./ChampSim/Other_PF/bin/mlop_dpc3 -warmup_instructions 50000000 -simulation_instructions 200000000 -traces traces/gap/bfs-8.trace.gz > output/gap/mlop_dpc3---bfs-8.trace.gz 2>>/xzx/Berti-Perceptron/stderr.log
./ChampSim/Other_PF/bin/mlop_dpc3 -warmup_instructions 50000000 -simulation_instructions 200000000 -traces traces/gap/cc-13.trace.gz > output/gap/mlop_dpc3---cc-13.trace.gz 2>>/xzx/Berti-Perceptron/stderr.log
./ChampSim/Other_PF/bin/mlop_dpc3 -warmup_instructions 50000000 -simulation_instructions 200000000 -traces traces/gap/cc-14.trace.gz > output/gap/mlop_dpc3---cc-14.trace.gz 2>>/xzx/Berti-Perceptron/stderr.log
./ChampSim/Other_PF/bin/mlop_dpc3 -warmup_instructions 50000000 -simulation_instructions 200000000 -traces traces/gap/cc-5.trace.gz > output/gap/mlop_dpc3---cc-5.trace.gz 2>>/xzx/Berti-Perceptron/stderr.log
./ChampSim/Other_PF/bin/mlop_dpc3 -warmup_instructions 50000000 -simulation_instructions 200000000 -traces traces/gap/cc-6.trace.gz > output/gap/mlop_dpc3---cc-6.trace.gz 2>>/xzx/Berti-Perceptron/stderr.log
./ChampSim/Other_PF/bin/mlop_dpc3 -warmup_instructions 50000000 -simulation_instructions 200000000 -traces traces/gap/pr-10.trace.gz > output/gap/mlop_dpc3---pr-10.trace.gz 2>>/xzx/Berti-Perceptron/stderr.log
./ChampSim/Other_PF/bin/mlop_dpc3 -warmup_instructions 50000000 -simulation_instructions 200000000 -traces traces/gap/pr-14.trace.gz > output/gap/mlop_dpc3---pr-14.trace.gz 2>>/xzx/Berti-Perceptron/stderr.log
./ChampSim/Other_PF/bin/mlop_dpc3 -warmup_instructions 50000000 -simulation_instructions 200000000 -traces traces/gap/pr-3.trace.gz > output/gap/mlop_dpc3---pr-3.trace.gz 2>>/xzx/Berti-Perceptron/stderr.log
./ChampSim/Other_PF/bin/mlop_dpc3 -warmup_instructions 50000000 -simulation_instructions 200000000 -traces traces/gap/pr-5.trace.gz > output/gap/mlop_dpc3---pr-5.trace.gz 2>>/xzx/Berti-Perceptron/stderr.log
./ChampSim/Other_PF/bin/mlop_dpc3 -warmup_instructions 50000000 -simulation_instructions 200000000 -traces traces/gap/sssp-10.trace.gz > output/gap/mlop_dpc3---sssp-10.trace.gz 2>>/xzx/Berti-Perceptron/stderr.log
./ChampSim/Other_PF/bin/mlop_dpc3 -warmup_instructions 50000000 -simulation_instructions 200000000 -traces traces/gap/sssp-14.trace.gz > output/gap/mlop_dpc3---sssp-14.trace.gz 2>>/xzx/Berti-Perceptron/stderr.log
./ChampSim/Other_PF/bin/mlop_dpc3 -warmup_instructions 50000000 -simulation_instructions 200000000 -traces traces/gap/sssp-3.trace.gz > output/gap/mlop_dpc3---sssp-3.trace.gz 2>>/xzx/Berti-Perceptron/stderr.log
./ChampSim/Other_PF/bin/mlop_dpc3 -warmup_instructions 50000000 -simulation_instructions 200000000 -traces traces/gap/sssp-5.trace.gz > output/gap/mlop_dpc3---sssp-5.trace.gz 2>>/xzx/Berti-Perceptron/stderr.log
./ChampSim/Other_PF/bin/vberti -warmup_instructions 50000000 -simulation_instructions 200000000 -traces traces/gap/bc-0.trace.gz > output/gap/vberti---bc-0.trace.gz 2>>/xzx/Berti-Perceptron/stderr.log
./ChampSim/Other_PF/bin/vberti -warmup_instructions 50000000 -simulation_instructions 200000000 -traces traces/gap/bc-12.trace.gz > output/gap/vberti---bc-12.trace.gz 2>>/xzx/Berti-Perceptron/stderr.log
./ChampSim/Other_PF/bin/vberti -warmup_instructions 50000000 -simulation_instructions 200000000 -traces traces/gap/bc-3.trace.gz > output/gap/vberti---bc-3.trace.gz 2>>/xzx/Berti-Perceptron/stderr.log
./ChampSim/Other_PF/bin/vberti -warmup_instructions 50000000 -simulation_instructions 200000000 -traces traces/gap/bc-5.trace.gz > output/gap/vberti---bc-5.trace.gz 2>>/xzx/Berti-Perceptron/stderr.log
./ChampSim/Other_PF/bin/vberti -warmup_instructions 50000000 -simulation_instructions 200000000 -traces traces/gap/bfs-10.trace.gz > output/gap/vberti---bfs-10.trace.gz 2>>/xzx/Berti-Perceptron/stderr.log
./ChampSim/Other_PF/bin/vberti -warmup_instructions 50000000 -simulation_instructions 200000000 -traces traces/gap/bfs-14.trace.gz > output/gap/vberti---bfs-14.trace.gz 2>>/xzx/Berti-Perceptron/stderr.log
./ChampSim/Other_PF/bin/vberti -warmup_instructions 50000000 -simulation_instructions 200000000 -traces traces/gap/bfs-3.trace.gz > output/gap/vberti---bfs-3.trace.gz 2>>/xzx/Berti-Perceptron/stderr.log
./ChampSim/Other_PF/bin/vberti -warmup_instructions 50000000 -simulation_instructions 200000000 -traces traces/gap/bfs-8.trace.gz > output/gap/vberti---bfs-8.trace.gz 2>>/xzx/Berti-Perceptron/stderr.log
./ChampSim/Other_PF/bin/vberti -warmup_instructions 50000000 -simulation_instructions 200000000 -traces traces/gap/cc-13.trace.gz > output/gap/vberti---cc-13.trace.gz 2>>/xzx/Berti-Perceptron/stderr.log
./ChampSim/Other_PF/bin/vberti -warmup_instructions 50000000 -simulation_instructions 200000000 -traces traces/gap/cc-14.trace.gz > output/gap/vberti---cc-14.trace.gz 2>>/xzx/Berti-Perceptron/stderr.log
./ChampSim/Other_PF/bin/vberti -warmup_instructions 50000000 -simulation_instructions 200000000 -traces traces/gap/cc-5.trace.gz > output/gap/vberti---cc-5.trace.gz 2>>/xzx/Berti-Perceptron/stderr.log
./ChampSim/Other_PF/bin/vberti -warmup_instructions 50000000 -simulation_instructions 200000000 -traces traces/gap/cc-6.trace.gz > output/gap/vberti---cc-6.trace.gz 2>>/xzx/Berti-Perceptron/stderr.log
./ChampSim/Other_PF/bin/vberti -warmup_instructions 50000000 -simulation_instructions 200000000 -traces traces/gap/pr-10.trace.gz > output/gap/vberti---pr-10.trace.gz 2>>/xzx/Berti-Perceptron/stderr.log
./ChampSim/Other_PF/bin/vberti -warmup_instructions 50000000 -simulation_instructions 200000000 -traces traces/gap/pr-14.trace.gz > output/gap/vberti---pr-14.trace.gz 2>>/xzx/Berti-Perceptron/stderr.log
./ChampSim/Other_PF/bin/vberti -warmup_instructions 50000000 -simulation_instructions 200000000 -traces traces/gap/pr-3.trace.gz > output/gap/vberti---pr-3.trace.gz 2>>/xzx/Berti-Perceptron/stderr.log
./ChampSim/Other_PF/bin/vberti -warmup_instructions 50000000 -simulation_instructions 200000000 -traces traces/gap/pr-5.trace.gz > output/gap/vberti---pr-5.trace.gz 2>>/xzx/Berti-Perceptron/stderr.log
./ChampSim/Other_PF/bin/vberti -warmup_instructions 50000000 -simulation_instructions 200000000 -traces traces/gap/sssp-10.trace.gz > output/gap/vberti---sssp-10.trace.gz 2>>/xzx/Berti-Perceptron/stderr.log
./ChampSim/Other_PF/bin/vberti -warmup_instructions 50000000 -simulation_instructions 200000000 -traces traces/gap/sssp-14.trace.gz > output/gap/vberti---sssp-14.trace.gz 2>>/xzx/Berti-Perceptron/stderr.log
./ChampSim/Other_PF/bin/vberti -warmup_instructions 50000000 -simulation_instructions 200000000 -traces traces/gap/sssp-3.trace.gz > output/gap/vberti---sssp-3.trace.gz 2>>/xzx/Berti-Perceptron/stderr.log
./ChampSim/Other_PF/bin/vberti -warmup_instructions 50000000 -simulation_instructions 200000000 -traces traces/gap/sssp-5.trace.gz > output/gap/vberti---sssp-5.trace.gz 2>>/xzx/Berti-Perceptron/stderr.log
